<?xml version="1.0" encoding="UTF-8"?>
<!-- Generated by org.testng.reporters.JUnitXMLReporter -->
<testsuite hostname="LAPTOP-CTO6KOJG" name="Test2" tests="9" failures="3" timestamp="18 Sep 2021 15:10:22 GMT" time="16.569" errors="0">
  <testcase name="validateTitle" time="0.019" classname="com.susheel.tests.Seleniumdemo2"/>
  <testcase name="login" time="7.269" classname="com.susheel.tests.Seleniumdemo2">
    <failure type="java.lang.AssertionError" message="expected [Welcome Tom] but found [Welcome tom]">
      <![CDATA[java.lang.AssertionError: expected [Welcome Tom] but found [Welcome tom]
	at com.susheel.tests.Seleniumdemo2.login(Seleniumdemo2.java:42)
... Removed 33 stack frames]]>
    </failure>
  </testcase> <!-- login -->
  <testcase name="myDetails" time="1.025" classname="com.susheel.tests.Seleniumdemo2"/>
  <testcase name="dateSelect" time="3.507" classname="com.susheel.tests.Seleniumdemo2"/>
  <testcase name="gender" time="0.066" classname="com.susheel.tests.Seleniumdemo2"/>
  <testcase name="nationality" time="1.367" classname="com.susheel.tests.Seleniumdemo2"/>
  <testcase name="firstNameTest" time="0.038" classname="com.susheel.tests.Seleniumdemo2">
    <failure type="java.lang.AssertionError" message="expected [Tom] but found [tom]">
      <![CDATA[java.lang.AssertionError: expected [Tom] but found [tom]
	at com.susheel.tests.Seleniumdemo2.firstNameTest(Seleniumdemo2.java:101)
... Removed 33 stack frames]]>
    </failure>
  </testcase> <!-- firstNameTest -->
  <testcase name="lastNameTest" time="0.03" classname="com.susheel.tests.Seleniumdemo2">
    <failure type="java.lang.AssertionError" message="expected [1234] but found [admin123]">
      <![CDATA[java.lang.AssertionError: expected [1234] but found [admin123]
	at com.susheel.tests.Seleniumdemo2.lastNameTest(Seleniumdemo2.java:109)
... Removed 33 stack frames]]>
    </failure>
  </testcase> <!-- lastNameTest -->
  <testcase name="dateTest" time="0.0" classname="com.susheel.tests.Seleniumdemo2">
    <skipped/>
  </testcase> <!-- dateTest -->
</testsuite> <!-- Test2 -->
