<?xml version="1.0" encoding="UTF-8"?>
<!-- Generated by org.testng.reporters.JUnitXMLReporter -->
<testsuite hostname="LAPTOP-CTO6KOJG" name="Test" tests="9" failures="2" timestamp="18 Sep 2021 15:10:06 GMT" time="19.173" errors="0">
  <testcase name="validateTitle" time="0.028" classname="com.susheel.tests.Seleniumdemo"/>
  <testcase name="login" time="7.584" classname="com.susheel.tests.Seleniumdemo">
    <failure type="java.lang.AssertionError" message="expected [Welcome Tom] but found [Welcome 2323@@@@11]">
      <![CDATA[java.lang.AssertionError: expected [Welcome Tom] but found [Welcome 2323@@@@11]
	at com.susheel.tests.Seleniumdemo.login(Seleniumdemo.java:54)
... Removed 33 stack frames]]>
    </failure>
  </testcase> <!-- login -->
  <testcase name="myDetails" time="1.363" classname="com.susheel.tests.Seleniumdemo"/>
  <testcase name="dateSelect" time="3.572" classname="com.susheel.tests.Seleniumdemo"/>
  <testcase name="gender" time="0.073" classname="com.susheel.tests.Seleniumdemo"/>
  <testcase name="nationality" time="1.255" classname="com.susheel.tests.Seleniumdemo"/>
  <testcase name="firstNameTest" time="0.046" classname="com.susheel.tests.Seleniumdemo">
    <failure type="java.lang.AssertionError" message="expected [Tom] but found [tom]">
      <![CDATA[java.lang.AssertionError: expected [Tom] but found [tom]
	at com.susheel.tests.Seleniumdemo.firstNameTest(Seleniumdemo.java:113)
... Removed 33 stack frames]]>
    </failure>
  </testcase> <!-- firstNameTest -->
  <testcase name="lastNameTest" time="0.034" classname="com.susheel.tests.Seleniumdemo"/>
  <testcase name="dateTest" time="0.023" classname="com.susheel.tests.Seleniumdemo"/>
</testsuite> <!-- Test -->
